<?xml version="1.0" encoding="UTF-8"?>
<!-- Generated by org.testng.reporters.JUnitReportReporter -->
<testsuite skipped="0" hostname="EON-shridharn" name="statusCode_ClientError_4xx.Test_4xx" tests="1" failures="0" timestamp="23 Aug 2019 08:48:37 GMT" time="2.065" errors="0">
  <testcase name="validate_410_gone" time="2.065" classname="statusCode_ClientError_4xx.Test_4xx"/>
</testsuite> <!-- statusCode_ClientError_4xx.Test_4xx -->
