<?xml version="1.0" encoding="UTF-8"?>
<!-- Generated by org.testng.reporters.JUnitReportReporter -->
<testsuite skipped="0" hostname="EON-shridharn" name="statusCode_Redirection_3xx.Test_3xx" tests="1" failures="0" timestamp="20 Aug 2019 14:12:07 GMT" time="2.384" errors="0">
  <testcase name="validate_303_seeOther" time="2.384" classname="statusCode_Redirection_3xx.Test_3xx"/>
</testsuite> <!-- statusCode_Redirection_3xx.Test_3xx -->
