<?xml version="1.0" encoding="UTF-8"?>
<!-- Generated by org.testng.reporters.JUnitReportReporter -->
<testsuite skipped="0" hostname="EON-shridharn" name="statusCode_Success_2xx.Test_2xx" tests="1" failures="0" timestamp="13 Aug 2019 14:05:35 GMT" time="1.905" errors="0">
  <testcase name="validate_204_NoContent" time="1.905" classname="statusCode_Success_2xx.Test_2xx"/>
</testsuite> <!-- statusCode_Success_2xx.Test_2xx -->
