<?xml version="1.0" encoding="UTF-8"?>
<!-- Generated by org.testng.reporters.JUnitReportReporter -->
<testsuite skipped="0" hostname="EON-shridharn" name="statusCode_ServerError_5xx.Test_5xx" tests="1" failures="0" timestamp="27 Aug 2019 10:29:29 GMT" time="2.075" errors="0">
  <testcase name="validate_522_ConnectionTimedOut" time="2.075" classname="statusCode_ServerError_5xx.Test_5xx"/>
</testsuite> <!-- statusCode_ServerError_5xx.Test_5xx -->
