<?xml version="1.0" encoding="UTF-8"?>
<!-- Generated by org.testng.reporters.JUnitReportReporter -->
<testsuite skipped="0" hostname="EON-shridharn" name="statusCode_Success_2xx.Test_2xx" tests="1" failures="0" timestamp="19 Aug 2019 12:42:09 GMT" time="1.818" errors="0">
  <testcase name="validate_206_PartialContent" time="1.818" classname="statusCode_Success_2xx.Test_2xx"/>
</testsuite> <!-- statusCode_Success_2xx.Test_2xx -->
