<?xml version="1.0" encoding="UTF-8"?>
<!-- Generated by org.testng.reporters.JUnitReportReporter -->
<testsuite skipped="0" hostname="EON-shridharn" name="statusCode_ClientError_4xx.Test_4xx" tests="1" failures="0" timestamp="22 Aug 2019 11:14:07 GMT" time="4.127" errors="0">
  <testcase name="validate_409_conflict" time="4.127" classname="statusCode_ClientError_4xx.Test_4xx"/>
</testsuite> <!-- statusCode_ClientError_4xx.Test_4xx -->
