<?xml version="1.0" encoding="UTF-8"?>
<!-- Generated by org.testng.reporters.JUnitReportReporter -->
<testsuite skipped="0" hostname="EON-shridharn" name="statusCode_Redirection_3xx.Test_3xx" tests="1" failures="0" timestamp="22 Aug 2019 08:00:04 GMT" time="3.397" errors="0">
  <testcase name="validate_305_useProxy" time="3.397" classname="statusCode_Redirection_3xx.Test_3xx"/>
</testsuite> <!-- statusCode_Redirection_3xx.Test_3xx -->
